********************************************************************************
DUPLICATOR-LITE PACKAGE-LOG: August 19, 2021 7:53 pm
NOTICE: Do NOT post to public sites or forums 
********************************************************************************
VERSION:	1.4.2
WORDPRESS:	5.8
PHP INFO:	8.0.6 | SAPI: apache2handler
SERVER:		Apache/2.4.47 (Unix) OpenSSL/1.1.1k PHP/8.0.6 mod_perl/2.0.11 Perl/v5.32.1 
PHP TIME LIMIT: (0) no time limit imposed 
PHP MAX MEMORY: 4294967296 (512M default) 
MEMORY STACK: 20.5MB

********************************************************************************
DATABASE:
********************************************************************************
BUILD MODE:   PHP(query limit - 100)
MYSQLTIMEOUT: 5000
MYSQLDUMP:    Not Supported
TABLES: total:20 | filtered:0 | create:20
FILTERED: []
SQL CREATED: board_of_regents_aug_19_6cdd32e295700dbb9145_20210819195259_database.sql
SQL FILE SIZE: 1.98MB (2073719)
SQL FILE TIME: 2021-08-19 19:53:43
SQL RUNTIME: 0.55 sec.

********************************************************************************
ARCHIVE (ZIP):
********************************************************************************
ARCHIVE DIR:  /Applications/XAMPP/xamppfiles/htdocs/board of regents
ARCHIVE FILE: board_of_regents_aug_19_6cdd32e295700dbb9145_20210819195259_archive.zip
FILTERS: *OFF*
DIRS:
	not set
FILES:
	not set
EXTS:  not set
----------------------------------------
COMPRESSING
SIZE:	390.41MB
STATS:	Dirs 1,001 | Files 12,244
SQL ADDED: board_of_regents_aug_19_6cdd32e295700dbb9145_20210819195259_database.sql
ZipArchive Object
(
    [lastId] => 13244
    [status] => 0
    [statusSys] => 0
    [numFiles] => 13245
    [filename] => /Applications/XAMPP/xamppfiles/htdocs/board of regents/wp-content/backups-dup-lite/tmp/board_of_regents_aug_19_6cdd32e295700dbb9145_20210819195259_archive.zip
    [comment] => 
)

FILE ADDED TO ZIP: 13244
COMPRESSION RESULT: '1'
COMPRESSED SIZE: 329.33MB
ARCHIVE RUNTIME: 117.56 sec.
MEMORY STACK: 24.5MB
building installer
add_extra_files1
add_extra_files2
add_extra_files3
add_extra_files4
Doing archive file check
add_extra_files5
add_extra_files6
add_extra_files8
Successfully opened zip /Applications/XAMPP/xamppfiles/htdocs/board of regents/wp-content/backups-dup-lite/tmp/board_of_regents_aug_19_6cdd32e295700dbb9145_20210819195259_archive.zip
Adding enhanced installer files to archive using ZipArchive
Installer files added to archive
Added to archive
After ziparchive close when adding installer

********************************************************************************
INTEGRITY CHECKS:
********************************************************************************
SQL FILE: 1.98MB
INSTALLER FILE: 64.26KB
ARCHIVE FILE: 330.89MB 
EXPECTED FILE/DIRECTORY COUNT: 13,245
ACTUAL FILE/DIRECTORY COUNT: 13,244
ARCHIVE CONSISTENCY TEST: Pass

********************************************************************************
RECORD ID:[5]
TOTAL PROCESS RUNTIME: 128.67 sec.
PEAK PHP MEMORY USED: 28.5MB
DONE PROCESSING => board_of_regents_aug_19 August 19, 2021 7:55 pm

